c:\users\usuario\documents\github\algoritmos2obl4\entrega4\debug\comparacioncmb.obj
c:\users\usuario\documents\github\algoritmos2obl4\entrega4\debug\costos.obj
c:\users\usuario\documents\github\algoritmos2obl4\entrega4\debug\dijkstra.obj
c:\users\usuario\documents\github\algoritmos2obl4\entrega4\debug\iteradorlistaordimp.obj
c:\users\usuario\documents\github\algoritmos2obl4\entrega4\debug\pilaarray.obj
c:\users\usuario\documents\github\algoritmos2obl4\entrega4\debug\tablahashabierto.obj
c:\users\usuario\documents\github\algoritmos2obl4\entrega4\debug\colaprioridadextendidaimp.obj
c:\users\usuario\documents\github\algoritmos2obl4\entrega4\debug\funcionhashcadena.obj
c:\users\usuario\documents\github\algoritmos2obl4\entrega4\debug\iteradorpilaarray.obj
c:\users\usuario\documents\github\algoritmos2obl4\entrega4\debug\comparadortupla.obj
c:\users\usuario\documents\github\algoritmos2obl4\entrega4\debug\dijkstraaux.obj
c:\users\usuario\documents\github\algoritmos2obl4\entrega4\debug\grafoimp.obj
c:\users\usuario\documents\github\algoritmos2obl4\entrega4\debug\listaordimp.obj
c:\users\usuario\documents\github\algoritmos2obl4\entrega4\debug\sistematemplates.obj
c:\users\usuario\documents\github\algoritmos2obl4\entrega4\debug\iteradorhashabierto.obj
c:\users\usuario\documents\github\algoritmos2obl4\entrega4\debug\main.obj
c:\users\usuario\documents\github\algoritmos2obl4\entrega4\debug\vc140.idb
c:\users\usuario\documents\github\algoritmos2obl4\entrega4\debug\vc140.pdb
c:\users\usuario\documents\github\algoritmos2obl4\entrega4\debug\obligatorio.tlog\cl.command.1.tlog
c:\users\usuario\documents\github\algoritmos2obl4\entrega4\debug\obligatorio.tlog\cl.read.1.tlog
c:\users\usuario\documents\github\algoritmos2obl4\entrega4\debug\obligatorio.tlog\cl.write.1.tlog
